TN:
SF:index.js
FNF:0
FNH:0
DA:1,1
DA:2,1
DA:3,1
DA:4,1
DA:5,1
DA:6,1
DA:7,1
DA:8,1
DA:9,1
DA:10,1
DA:11,2
DA:12,1
DA:13,1
DA:14,1
DA:15,7
DA:16,7
DA:17,7
DA:18,2
DA:19,2
DA:20,5
DA:21,5
DA:22,5
DA:23,5
DA:24,5
DA:25,5
DA:26,5
DA:27,5
DA:28,5
DA:29,5
DA:30,5
DA:31,5
DA:32,4
DA:33,7
DA:34,1
DA:35,1
DA:36,3
DA:37,3
DA:38,3
DA:39,3
DA:40,3
DA:41,3
DA:42,7
DA:43,7
DA:44,7
DA:45,3
DA:46,7
DA:47,2
DA:48,2
DA:49,1
DA:50,1
DA:51,7
DA:52,7
DA:53,7
DA:54,7
DA:55,7
DA:56,7
DA:57,7
DA:58,2
DA:59,2
DA:60,1
DA:61,1
DA:62,1
LF:62
LH:62
BRDA:1,0,0,1
BRDA:10,1,0,2
BRDA:14,2,0,7
BRDA:17,3,0,2
BRDA:20,4,0,5
BRDA:32,5,0,4
BRDA:33,6,0,1
BRDA:36,7,0,3
BRDA:42,8,0,3
BRDA:43,9,0,3
BRDA:44,10,0,3
BRDA:46,11,0,2
BRDA:49,12,0,1
BRDA:51,13,0,0
BRDA:52,14,0,0
BRDA:53,15,0,0
BRDA:57,16,0,2
BRF:17
BRH:14
end_of_record
TN:
SF:server.js
FNF:0
FNH:0
DA:1,2
DA:2,2
DA:3,2
DA:4,2
DA:5,2
DA:6,2
DA:7,2
LF:7
LH:7
BRDA:1,0,0,2
BRDA:3,1,0,1
BRDA:5,2,0,2
BRF:3
BRH:3
end_of_record
