TN:
SF:index.js
FNF:0
FNH:0
DA:1,1
DA:2,1
DA:3,1
DA:4,1
DA:5,1
DA:6,1
DA:7,1
DA:8,1
DA:9,1
DA:10,1
DA:11,1
DA:12,1
DA:13,1
DA:14,1
DA:15,4
DA:16,4
DA:17,4
DA:18,1
DA:19,1
DA:20,3
DA:21,3
DA:22,3
DA:23,3
DA:24,3
DA:25,3
DA:26,3
DA:27,3
DA:28,3
DA:29,3
DA:30,3
DA:31,3
DA:32,2
DA:33,4
DA:34,0
DA:35,0
DA:36,2
DA:37,2
DA:38,2
DA:39,2
DA:40,2
DA:41,2
DA:42,4
DA:43,4
DA:44,4
DA:45,2
DA:46,4
DA:47,1
DA:48,1
DA:49,1
DA:50,1
DA:51,4
DA:52,4
DA:53,4
DA:54,4
DA:55,4
DA:56,4
DA:57,4
DA:58,1
DA:59,1
DA:60,1
DA:61,1
DA:62,1
LF:62
LH:60
BRDA:1,0,0,1
BRDA:10,1,0,1
BRDA:14,2,0,4
BRDA:17,3,0,1
BRDA:20,4,0,3
BRDA:32,5,0,2
BRDA:33,6,0,0
BRDA:36,7,0,2
BRDA:42,8,0,2
BRDA:43,9,0,2
BRDA:44,10,0,2
BRDA:46,11,0,1
BRDA:51,12,0,0
BRDA:52,13,0,0
BRDA:53,14,0,0
BRDA:57,15,0,1
BRF:16
BRH:12
end_of_record
